Running: C:\Xilinx\14.7\ISE_DS\ISE\bin\nt64\unwrapped\fuse.exe -intstyle ise -incremental -lib unisims_ver -lib unimacro_ver -lib xilinxcorelib_ver -lib secureip -o C:/Users/olaolu-Goke/Desktop/RGB2BW/RGB_2_BW_Final/tb_isim_beh.exe -prj C:/Users/olaolu-Goke/Desktop/RGB2BW/RGB_2_BW_Final/tb_beh.prj work.tb work.glbl 
ISim P.20131013 (signature 0x7708f090)
Number of CPUs detected in this system: 4
Turning on mult-threading, number of parallel sub-compilation jobs: 8 
Determining compilation order of HDL files
Analyzing Verilog file "C:/Users/olaolu-Goke/Desktop/RGB2BW/RGB_2_BW_Final/RGB_2_BW_Final.v" into library work
Analyzing Verilog file "C:/Users/olaolu-Goke/Desktop/RGB2BW/RGB_2_BW_Final/tb.v" into library work
Analyzing Verilog file "C:/Xilinx/14.7/ISE_DS/ISE//verilog/src/glbl.v" into library work
Starting static elaboration
WARNING:HDLCompiler:1016 - "C:/Users/olaolu-Goke/Desktop/RGB2BW/RGB_2_BW_Final/tb.v" Line 37: Port mod_red is not connected to this instance
Completed static elaboration
Compiling module RGB_2_BW_Final
Compiling module tb
Compiling module glbl
Time Resolution for simulation is 1ps.
Waiting for 1 sub-compilation(s) to finish...
Compiled 3 Verilog Units
Built simulation executable C:/Users/olaolu-Goke/Desktop/RGB2BW/RGB_2_BW_Final/tb_isim_beh.exe
Fuse Memory Usage: 27576 KB
Fuse CPU Usage: 765 ms
